<?xml version="1.0" encoding="UTF-8"?>
<testng-results skipped="0" failed="0" ignored="0" total="1" passed="1">
  <reporter-output>
  </reporter-output>
  <suite name="Default suite" duration-ms="81458" started-at="2019-09-08T17:55:35Z" finished-at="2019-09-08T17:56:56Z">
    <groups>
    </groups>
    <test name="Default test" duration-ms="81458" started-at="2019-09-08T17:55:35Z" finished-at="2019-09-08T17:56:56Z">
      <class name="io.weatherbit.tests.PerformanceTests">
        <test-method status="PASS" signature="Performance()[pri:0, instance:io.weatherbit.tests.PerformanceTests@55f3ddb1]" name="Performance" duration-ms="81407" started-at="2019-09-08T17:55:35Z" finished-at="2019-09-08T17:56:56Z">
          <reporter-output>
          </reporter-output>
        </test-method> <!-- Performance -->
      </class> <!-- io.weatherbit.tests.PerformanceTests -->
    </test> <!-- Default test -->
  </suite> <!-- Default suite -->
</testng-results>
